
Parallelized with OpenMP.  # of threads:  8

DCIP2D - Version 5  (BETA) 20110811:  DCINV2D

Developed by University of British Columbia 
Geophysical Inversion Facility  (UBC-GIF)

(C) Copyright 1992 - 2011, UBC-GIF,
Department of Earth and Ocean Sciences, UBC
http://www.eos.ubc.ca/research/ubcgif/

Distributed by:
Mira Geoscience Ltd.


 DCINV2D started on:12/05/2017  10:19:07


Reading input file: .\dcinv2d.inp

----------------------------------------------
MESH FILE dcinv2d.msh
OBS LOC_X Survey_Synthetic_2D.dc
NITER 50
CHIFACT 1
TOPO DEFAULT
INIT_MOD DEFAULT
REF_MOD DEFAULT
ALPHA VALUE 0.001 1 0.25
WEIGHT dcinv2d.wt
STORE_ALL_MODELS TRUE
USE_MREF TRUE
INVMODE CG
CG_PARAM 10 0.0001
BOUNDS NONE
----------------------------------------------

      maximum # of iterations:  50
data were read from: Survey_Synthetic_2D.dc
       # of current locations:   14
                    # of data:   95
                      chifact: 1.00000E+00
                target misfit: 9.50000E+01

mesh was read from: dcinv2d.msh
                      # of cells:   88 x   73
                total # of cells:  6424
               # of active cells:  6424

   # of unique data locations:   14
# of wave values:  13
  2.5000E-04  4.9901E-04  9.9606E-04  1.9882E-03  3.9685E-03  7.9213E-03  1.5811E-02  3.1560E-02  6.2996E-02  1.2574E-01  2.5099E-01  5.0099E-01  1.0000E+00

reference conductivity model is best fitting halfspace:   1.13075E-03 (S/m)
initial model is set to the reference model.

using alpha (a_s, a_x, a_z): ( 1.00000E-03, 1.0000E+00, 2.5000E-01)
corresponding length scales (Lx, Lz): ( 3.16228E+01, 1.58114E+01)


using Huber and Ekblom parameters:
                   c =  1.00000+100
   rho_s rho_x rho_z =  2.00000E+00 2.00000E+00 2.00000E+00
   eps_s eps_x eps_z =  0.00000E+00 0.00000E+00 0.00000E+00

reference model will be used in the derivative terms.
weights were read from: dcinv2d.wt
CG  max iterations:  10,   tolerance: 1.00E-04
no bounds used.

init cpu time:   0:00:00.03

 
   initial misfit =  4.38969E+03
 init. model norm =  0.00000E+00
     norm comp Ws =  0.00000E+00
     norm comp Wx =  0.00000E+00
     norm comp Wz =  0.00000E+00


Iteration    1

  beta vs. misfit:
     beta         misfit
  1.68437E+02  2.05381E+03
  3.70561E+02  2.83899E+03
  7.41122E+02  3.40929E+03

      chosen beta =  1.98008E+02
    target misfit =  2.19484E+03
  achieved misfit =  2.21925E+03
       model norm =  3.88107E+00
    misfit change =  4.94440E-01
model norm change =  0.00000E+00

     norm comp Ws =  3.20430E+00
     norm comp Wx =  3.34069E-01
     norm comp Wz =  3.42707E-01

iter cpu time:   0:00:01.40


Iteration    2

  beta vs. misfit:
     beta         misfit
  4.95020E+01  7.95711E+02
  9.90039E+01  1.34785E+03

      chosen beta =  7.66593E+01
    target misfit =  1.10963E+03
  achieved misfit =  1.12807E+03
       model norm =  1.19052E+01
    misfit change =  4.91689E-01
model norm change =  2.06750E+00

     norm comp Ws =  9.81079E+00
     norm comp Wx =  8.08108E-01
     norm comp Wz =  1.28628E+00

iter cpu time:   0:00:01.26


Iteration    3

  beta vs. misfit:
     beta         misfit
  1.91648E+01  2.68321E+02
  3.83296E+01  5.44978E+02
  3.96403E+01  5.62302E+02
  3.97716E+01  5.64025E+02
  9.94290E+01  1.19366E+03

      chosen beta =  3.97725E+01
    target misfit =  5.64035E+02
  achieved misfit =  5.64037E+02
       model norm =  2.09357E+01
    misfit change =  4.99999E-01
model norm change =  7.58534E-01

     norm comp Ws =  1.65545E+01
     norm comp Wx =  1.47021E+00
     norm comp Wz =  2.91100E+00

iter cpu time:   0:00:01.81


Iteration    4

  beta vs. misfit:
     beta         misfit
  9.94312E+00  1.09778E+02
  1.98862E+01  2.30939E+02
  2.39571E+01  2.81370E+02
  2.40092E+01  2.82008E+02
  2.40100E+01  2.82018E+02
  6.00250E+01  6.92486E+02

      chosen beta =  2.40100E+01
    target misfit =  2.82018E+02
  achieved misfit =  2.82018E+02
       model norm =  2.89482E+01
    misfit change =  5.00000E-01
model norm change =  3.82723E-01

     norm comp Ws =  2.23155E+01
     norm comp Wx =  2.12505E+00
     norm comp Wz =  4.50771E+00

iter cpu time:   0:00:02.00


Iteration    5

  beta vs. misfit:
     beta         misfit
  6.00250E+00  5.89800E+01
  1.20050E+01  1.12645E+02
  1.52704E+01  1.45189E+02

      chosen beta =  1.48534E+01
    target misfit =  1.41009E+02
  achieved misfit =  1.41001E+02
       model norm =  3.56821E+01
    misfit change =  5.00029E-01
model norm change =  2.32618E-01

     norm comp Ws =  2.69360E+01
     norm comp Wx =  2.86071E+00
     norm comp Wz =  5.88538E+00

iter cpu time:   0:00:01.49


Iteration    6

  beta vs. misfit:
     beta         misfit
  6.74260E+00  5.78712E+01
  1.00075E+01  8.22820E+01
  1.17588E+01  9.63775E+01

      chosen beta =  1.15874E+01
    target misfit =  9.50000E+01
  achieved misfit =  9.49529E+01
       model norm =  3.89801E+01
    misfit change =  3.26580E-01
model norm change =  9.24282E-02

     norm comp Ws =  2.92502E+01
     norm comp Wx =  3.21294E+00
     norm comp Wz =  6.51694E+00

iter cpu time:   0:00:01.47


Target misfit achieved.  Minimizing model norm.


Iteration    7

  beta vs. misfit:
     beta         misfit
  1.15932E+01  9.12174E+01
  1.15989E+01  9.12744E+01
  1.19733E+01  9.49828E+01
  1.19750E+01  9.49996E+01
  2.99375E+01  2.42576E+02

      chosen beta =  1.19750E+01
    target misfit =  9.50000E+01
  achieved misfit =  9.50001E+01
       model norm =  3.89110E+01
    misfit change = -4.96579E-04
model norm change = -1.77267E-03

     norm comp Ws =  2.92686E+01
     norm comp Wx =  3.17871E+00
     norm comp Wz =  6.46367E+00

iter cpu time:   0:00:01.82


   Exit at convergence.


 Iterations performed:    7

total cpu time:   0:00:11.32

 DCINV2D ended on:12/05/2017  10:19:18

