
Parallelized with OpenMP.  # of threads:  8

 DCIP3D - Version 5.0 :  DCINV3D

 Developed by University of British Columbia 
 Geophysical Inversion Facility  (UBC-GIF)

 (C) Copyright 1992 - 2014, UBC-GIF,
 Department of Earth and Ocean Sciences, UBC
 http://gif.eos.ubc.ca/

 Distributed by:

 Mira Geoscience Ltd.

DCINV3D started on: 10/30/2017  14:07:11

No bounds used.
Running with the following parameters:

             Input file: dcinv3d.inp
    max # of iterations:      25
                chifact:  1.00000E+00
      Observations file: Survey_Synthetic.dat
              Mesh file: MeshDC.msh
        Topography file: null
          Initial Model: VALUE 1e-3
        Reference Model: VALUE 1e-3

    Wavelet compression: daub2
      Wavelet threshold: relative accuracy = 0.0200

      3D weighting file: w.dat

----------------------------------------
 input file specifies length scales:
             Le, Ln, Lz:   50.0      50.0      50.0    
 corresponding alpha values:
     alpha (s, e, n, z):  4.000E-04  1.00      1.00      1.00    
----------------------------------------


  # of source locations:      14
              # of data:      95
    # of cells in model:   52416
    # of cells in  mesh:   52416




   Iteration:      1

 
    At the relative  accuracy of:   2.000E-02
    Estimated relative threshold:   3.272E-03
    Predicted compression  ratio:   2.144E+01

   Sensitivity compression ratio:   1.834E+01
 
    Initial misfit:   4.76557E+03
     CG   accuracy:   9.39271E-05
     CG iterations:    52
      tradeoff par:   1.04416E-01
       step length:   1.00000E+00
   achieved misfit:   2.12766E+03
   model obj  func:   8.87324E+03
   total obj  func:   3.05417E+03

   line search:
     0.0000E+00  4.7656E+03
     1.0000E+00  3.0542E+03
 
beta cpu time:   0:00:11.19


   Iteration:      2

 
    At the relative  accuracy of:   2.000E-02
    Estimated relative threshold:   3.250E-03
    Predicted compression  ratio:   2.165E+01

   Sensitivity compression ratio:   1.831E+01
     CG   accuracy:   9.72317E-05
     CG iterations:    50
      tradeoff par:   5.22079E-02
       step length:   1.00000E+00
   achieved misfit:   1.40980E+03
   model obj  func:   1.82951E+04
   total obj  func:   2.36495E+03

   line search:
     0.0000E+00  2.5909E+03
     1.0000E+00  2.3650E+03
 
beta cpu time:   0:00:10.58


   Iteration:      3

 
    At the relative  accuracy of:   2.000E-02
    Estimated relative threshold:   3.251E-03
    Predicted compression  ratio:   2.170E+01

   Sensitivity compression ratio:   1.834E+01
     CG   accuracy:   9.38076E-05
     CG iterations:    47
      tradeoff par:   2.61039E-02
       step length:   1.00000E+00
   achieved misfit:   8.65980E+02
   model obj  func:   3.20937E+04
   total obj  func:   1.70375E+03

   line search:
     0.0000E+00  1.8874E+03
     1.0000E+00  1.7038E+03
 
beta cpu time:   0:00:11.76


   Iteration:      4

 
    At the relative  accuracy of:   2.000E-02
    Estimated relative threshold:   3.308E-03
    Predicted compression  ratio:   2.169E+01

   Sensitivity compression ratio:   1.856E+01
     CG   accuracy:   8.28979E-05
     CG iterations:    48
      tradeoff par:   1.30520E-02
       step length:   1.00000E+00
   achieved misfit:   4.57025E+02
   model obj  func:   5.13051E+04
   total obj  func:   1.12666E+03

   line search:
     0.0000E+00  1.2849E+03
     1.0000E+00  1.1267E+03
 
beta cpu time:   0:00:10.80


   Iteration:      5

 
    At the relative  accuracy of:   2.000E-02
    Estimated relative threshold:   3.351E-03
    Predicted compression  ratio:   2.159E+01

   Sensitivity compression ratio:   1.878E+01
     CG   accuracy:   9.65593E-07
     CG iterations:    72
      tradeoff par:   8.70132E-03
       step length:   1.00000E+00
   achieved misfit:   2.79852E+02
   model obj  func:   6.55378E+04
   total obj  func:   8.50116E+02

   line search:
     0.0000E+00  9.0345E+02
     1.0000E+00  8.5012E+02
 
beta cpu time:   0:00:11.93


   Iteration:      6

 
    At the relative  accuracy of:   2.000E-02
    Estimated relative threshold:   3.373E-03
    Predicted compression  ratio:   2.161E+01

   Sensitivity compression ratio:   1.904E+01
     CG   accuracy:   9.86861E-07
     CG iterations:    73
      tradeoff par:   5.80088E-03
       step length:   1.00000E+00
   achieved misfit:   1.69638E+02
   model obj  func:   7.94647E+04
   total obj  func:   6.30603E+02

   line search:
     0.0000E+00  6.6003E+02
     1.0000E+00  6.3060E+02
 
beta cpu time:   0:00:13.60


   Iteration:      7

 
    At the relative  accuracy of:   2.000E-02
    Estimated relative threshold:   3.412E-03
    Predicted compression  ratio:   2.159E+01

   Sensitivity compression ratio:   1.927E+01
     CG   accuracy:   9.82520E-07
     CG iterations:    78
      tradeoff par:   3.62696E-03
       step length:   1.00000E+00
   achieved misfit:   1.00086E+02
   model obj  func:   9.36564E+04
   total obj  func:   4.39773E+02

   line search:
     0.0000E+00  4.5785E+02
     1.0000E+00  4.3977E+02
 
beta cpu time:   0:00:12.23


   Iteration:      8

 
    At the relative  accuracy of:   2.000E-02
    Estimated relative threshold:   3.390E-03
    Predicted compression  ratio:   2.160E+01

   Sensitivity compression ratio:   1.937E+01
     CG   accuracy:   8.60769E-07
     CG iterations:    84
      tradeoff par:   3.46246E-03
       step length:   1.00000E+00
   achieved misfit:   9.41773E+01
   model obj  func:   9.51152E+04
   total obj  func:   4.23510E+02

   line search:
     0.0000E+00  4.2437E+02
     5.0000E-01  4.2376E+02
     1.0000E+00  4.2351E+02
 
beta cpu time:   0:00:14.76

   Program is terminated at convergence.

   Best fitting model produced.

total cpu time:   0:01:37.24
DCINV3D ended on: 10/30/2017  14:08:48
