
Parallelized with OpenMP.  # of threads:  1

MAG3D - Version 4.0 BETA 20100108:  MAGINV3D new bounds

Developed by University of British Columbia 
Geophysical Inversion Facility  (UBC-GIF)

(C) Copyright 1992 - 2010, UBC-GIF,
Department of Earth and Ocean Sciences, UBC
http://www.eos.ubc.ca/research/ubcgif/

This program is licensed to:

Mira Geoscience Limited


MAGINV3D started on:  5/16/2013  11:59:48

Running with the following parameters:

          Input file: inv_ctrl.dat
                mode: 2  (fixed multiplier)
     lag. multiplier:   6.31    
   Observations file: D:\Dom\3796_Compactness\Fold_strike_NE\Obs_model_Fold_2pc.obs
    Sensitivity file: D:\Dom\3796_Compactness\Fold_strike_NE\maginv3d.mtx
       Initial Model: D:\Dom\3796_Compactness\Fold_strike_NE\Workspace2\maginv3d_001.sus
     Reference Model: null
        Model bounds: null
   3D weighting file: input_w.dat

 *** Model norm DOES NOT contain reference model.

           # of data:      992
 # of cells in model:    48384
 # of cells in  mesh:    52992



----------------------------------------
 input file specifies length scales:
             Le, Ln, Lz:   60.0      60.0      60.0    
 corresponding alpha values:
     alpha (s, e, n, z):  2.778E-04  1.00      1.00      1.00    
----------------------------------------


--- Setup the preliminaries for the inversion ---
init cpu time:   0:00:00.21
     initial misfit:  1.036159E+03
       initial norm:  1.087357E+02

          Iteration:   1
         multiplier:  6.307290E+00
  # truncated cells:    17703
      CG iterations:    77
  # truncated cells:    19910
        data misfit:  8.706248E+02
         model norm:  1.281146E+02
    total objective:  1.678681E+03
beta cpu time:   0:00:05.11


TOTAL cpu time:   0:00:05.33

MAGINV3D ended on:  5/16/2013  11:59:53
