
Parallelized with OpenMP.  # of threads:  8

DCIP2D - Version 5  (BETA) 20110811:  DCINV2D

Developed by University of British Columbia 
Geophysical Inversion Facility  (UBC-GIF)

(C) Copyright 1992 - 2011, UBC-GIF,
Department of Earth and Ocean Sciences, UBC
http://www.eos.ubc.ca/research/ubcgif/

Distributed by:
Mira Geoscience Ltd.


 DCINV2D started on:12/05/2017  12:05:43


Reading input file: .\dcinv2d.inp

----------------------------------------------
MESH FILE dcinv2d.msh
OBS LOC_X Survey_Synthetic_2D.dc
NITER 50
CHIFACT 1
TOPO FILE FlatTopo.dat
INIT_MOD DEFAULT
REF_MOD DEFAULT
ALPHA VALUE 0.0001 1 2
WEIGHT dcinv2d.wt
STORE_ALL_MODELS TRUE
USE_MREF TRUE
INVMODE CG
CG_PARAM 30 0.0001
BOUNDS NONE
----------------------------------------------

      maximum # of iterations:  50
data were read from: Survey_Synthetic_2D.dc
       # of current locations:   14
                    # of data:   95
                      chifact: 1.00000E+00
                target misfit: 9.50000E+01

mesh was read from: dcinv2d.msh
topography was read from: FlatTopo.dat
                      # of cells:   88 x   73
                total # of cells:  6424
               # of active cells:  6424

   # of unique data locations:   14
# of wave values:  13
  2.5000E-04  4.9901E-04  9.9606E-04  1.9882E-03  3.9685E-03  7.9213E-03  1.5811E-02  3.1560E-02  6.2996E-02  1.2574E-01  2.5099E-01  5.0099E-01  1.0000E+00

reference conductivity model is best fitting halfspace:   1.13075E-03 (S/m)
initial model is set to the reference model.

using alpha (a_s, a_x, a_z): ( 1.00000E-04, 1.0000E+00, 2.0000E+00)
corresponding length scales (Lx, Lz): ( 1.00000E+02, 1.41421E+02)


using Huber and Ekblom parameters:
                   c =  1.00000+100
   rho_s rho_x rho_z =  2.00000E+00 2.00000E+00 2.00000E+00
   eps_s eps_x eps_z =  0.00000E+00 0.00000E+00 0.00000E+00

reference model will be used in the derivative terms.
weights were read from: dcinv2d.wt
CG  max iterations:  30,   tolerance: 1.00E-04
no bounds used.

init cpu time:   0:00:00.03

 
   initial misfit =  4.38969E+03
 init. model norm =  0.00000E+00
     norm comp Ws =  0.00000E+00
     norm comp Wx =  0.00000E+00
     norm comp Wz =  0.00000E+00


Iteration    1

  beta vs. misfit:
     beta         misfit
  9.34289E+01  1.82872E+03
  1.86858E+02  2.46940E+03

      chosen beta =  1.42359E+02
    target misfit =  2.19484E+03
  achieved misfit =  2.21500E+03
       model norm =  5.16588E+00
    misfit change =  4.95409E-01
model norm change =  0.00000E+00

     norm comp Ws =  3.27661E+00
     norm comp Wx =  3.82138E-01
     norm comp Wz =  1.50712E+00

iter cpu time:   0:00:01.46


Iteration    2

  beta vs. misfit:
     beta         misfit
  3.55897E+01  9.45977E+02
  7.11794E+01  1.45266E+03

      chosen beta =  4.59153E+01
    target misfit =  1.10750E+03
  achieved misfit =  1.12476E+03
       model norm =  1.74361E+01
    misfit change =  4.92206E-01
model norm change =  2.37525E+00

     norm comp Ws =  1.03827E+01
     norm comp Wx =  1.07167E+00
     norm comp Wz =  5.98174E+00

iter cpu time:   0:00:01.40


Iteration    3

  beta vs. misfit:
     beta         misfit
  1.14788E+01  2.74453E+02
  2.29577E+01  5.81210E+02

      chosen beta =  2.22697E+01
    target misfit =  5.62381E+02
  achieved misfit =  5.65148E+02
       model norm =  3.29944E+01
    misfit change =  4.97540E-01
model norm change =  8.92301E-01

     norm comp Ws =  1.82811E+01
     norm comp Wx =  2.34519E+00
     norm comp Wz =  1.23681E+01

iter cpu time:   0:00:01.35


Iteration    4

  beta vs. misfit:
     beta         misfit
  5.56743E+00  9.39001E+01
  1.11349E+01  2.27897E+02
  1.31733E+01  2.76443E+02
  1.34273E+01  2.82400E+02
  1.34347E+01  2.82573E+02
  3.35867E+01  6.80452E+02

      chosen beta =  1.34347E+01
    target misfit =  2.82574E+02
  achieved misfit =  2.82574E+02
       model norm =  4.74056E+01
    misfit change =  5.00000E-01
model norm change =  4.36777E-01

     norm comp Ws =  2.56310E+01
     norm comp Wx =  3.75468E+00
     norm comp Wz =  1.80199E+01

iter cpu time:   0:00:02.15


Iteration    5

  beta vs. misfit:
     beta         misfit
  3.35868E+00  5.09091E+01
  6.71736E+00  1.10423E+02
  8.37574E+00  1.42394E+02

      chosen beta =  8.31922E+00
    target misfit =  1.41287E+02
  achieved misfit =  1.41293E+02
       model norm =  5.96412E+01
    misfit change =  4.99977E-01
model norm change =  2.58106E-01

     norm comp Ws =  3.19575E+01
     norm comp Wx =  5.14238E+00
     norm comp Wz =  2.25413E+01

iter cpu time:   0:00:01.52


Iteration    6

  beta vs. misfit:
     beta         misfit
  3.76085E+00  5.47433E+01
  5.59351E+00  8.17694E+01
  6.48816E+00  9.57416E+01

      chosen beta =  6.44088E+00
    target misfit =  9.50000E+01
  achieved misfit =  9.49916E+01
       model norm =  6.57679E+01
    misfit change =  3.27700E-01
model norm change =  1.02725E-01

     norm comp Ws =  3.51161E+01
     norm comp Wx =  5.87063E+00
     norm comp Wz =  2.47811E+01

iter cpu time:   0:00:01.48


Target misfit achieved.  Minimizing model norm.


Iteration    7

  beta vs. misfit:
     beta         misfit
  6.44146E+00  8.95374E+01
  6.44203E+00  8.95457E+01
  6.81528E+00  9.49865E+01
  6.81621E+00  9.50000E+01
  1.70405E+01  2.52324E+02

      chosen beta =  6.81621E+00
    target misfit =  9.50000E+01
  achieved misfit =  9.50000E+01
       model norm =  6.57391E+01
    misfit change = -8.88450E-05
model norm change = -4.38455E-04

     norm comp Ws =  3.49860E+01
     norm comp Wx =  5.83675E+00
     norm comp Wz =  2.49163E+01

iter cpu time:   0:00:01.89


   Exit at convergence.


 Iterations performed:    7

total cpu time:   0:00:11.33

 DCINV2D ended on:12/05/2017  12:05:55

